<?xml version="1.0" encoding="UTF-8"?>
<!-- Generated by org.testng.reporters.JUnitReportReporter -->
<testsuite skipped="0" hostname="MacBook-Pro-mac" name="Tests.AllureLoginTest" tests="1" failures="0" timestamp="09 фев 2021 17:16:41 GMT" time="6.381" errors="0">
  <testcase name="allureLoginTest" time="6.381" classname="Tests.AllureLoginTest"/>
</testsuite> <!-- Tests.AllureLoginTest -->
