<?xml version="1.0" encoding="UTF-8"?>
<!-- Generated by org.testng.reporters.JUnitReportReporter -->
<testsuite skipped="0" hostname="MacBook-Pro-mac" name="Tests.LoginTest" tests="1" failures="0" timestamp="09 фев 2021 17:35:00 GMT" time="6.436" errors="0">
  <testcase name="loginTest" time="6.436" classname="Tests.LoginTest"/>
</testsuite> <!-- Tests.LoginTest -->
